<?xml version="1.0" encoding="UTF-8"?>
<!-- Generated by org.testng.reporters.JUnitXMLReporter -->
<testsuite hostname="cog-sys-065" failures="4" tests="87" name="TestName" time="5795.858" errors="0" timestamp="7 Dec 2021 07:53:30 GMT">
  <testcase classname="testcases.Announcement" name="ValidationCheck" time="47.254"/>
  <testcase classname="testcases.Announcement" name="AddSearchDeleteAnnouncement" time="59.615">
    <failure type="java.lang.AssertionError" message="clickCheckBox -  element not clickable">
      <![CDATA[java.lang.AssertionError: clickCheckBox -  element not clickable
	at utils.WebBasePage.click(WebBasePage.java:99)
	at pageobjects.AnnouncementPage.SelectSingleCheckBox(AnnouncementPage.java:173)
	at Action.AnnouncementAction.AddAnnouncement(AnnouncementAction.java:47)
	at testcases.Announcement.AddSearchDeleteAnnouncement(Announcement.java:38)
... Removed 25 stack frames]]>
    </failure>
  </testcase> <!-- AddSearchDeleteAnnouncement -->
  <testcase classname="testcases.Break" name="AddBreakValidationCheck" time="51.866"/>
  <testcase classname="testcases.Break" name="AddBreak" time="57.728"/>
  <testcase classname="testcases.Break" name="EditBreak" time="56.564"/>
  <testcase classname="testcases.CannedReply" name="ValidationCheck" time="38.304"/>
  <testcase classname="testcases.CannedReply" name="AddCannedReply" time="61.384"/>
  <testcase classname="testcases.CannedReply" name="SearchActiveInactiveDeleteCannedReply" time="64.08">
    <failure type="java.lang.AssertionError" message="Confirmation popup -  element not present">
      <![CDATA[java.lang.AssertionError: Confirmation popup -  element not present
	at utils.WebBasePage.click(WebBasePage.java:106)
	at pageobjects.CannedReplyPage.ActiveToInActive(CannedReplyPage.java:179)
	at Action.CannedReplyAction.ActiveInactive(CannedReplyAction.java:60)
	at testcases.CannedReply.SearchActiveInactiveDeleteCannedReply(CannedReply.java:46)
... Removed 25 stack frames]]>
    </failure>
  </testcase> <!-- SearchActiveInactiveDeleteCannedReply -->
  <testcase classname="testcases.Category" name="addCategory" time="30.035"/>
  <testcase classname="testcases.Category" name="addCategoryValidationCheck" time="46.481"/>
  <testcase classname="testcases.Category" name="CategoryListing" time="73.678"/>
  <testcase classname="testcases.Category" name="editCategory" time="57.928"/>
  <testcase classname="testcases.Channel" name="validationCheck" time="33.764"/>
  <testcase classname="testcases.Channel" name="addChannel" time="44.933"/>
  <testcase classname="testcases.Channel" name="editChannel" time="59.144"/>
  <testcase classname="testcases.Channel" name="channellisting" time="76.019"/>
  <testcase classname="testcases.Emailtemplate" name="validationCheck" time="91.317"/>
  <testcase classname="testcases.Emailtemplate" name="addEmailTemplate" time="49.958"/>
  <testcase classname="testcases.Emailtemplate" name="addAdvancedEmailTemplate" time="48.779"/>
  <testcase classname="testcases.Emailtemplate" name="editEmailTemplate" time="60.927"/>
  <testcase classname="testcases.Emailtemplate" name="emailTemplateListing" time="83.8"/>
  <testcase classname="testcases.Shift" name="validationCheck" time="36.901"/>
  <testcase classname="testcases.Shift" name="addShiftFexible" time="77.886"/>
  <testcase classname="testcases.Shift" name="editShiftFexible" time="62.374"/>
  <testcase classname="testcases.Shift" name="ServiceListing" time="72.907"/>
  <testcase classname="testcases.Skill" name="validationCheck" time="41.436"/>
  <testcase classname="testcases.Skill" name="addSkill" time="70.668"/>
  <testcase classname="testcases.Skill" name="EditSkill" time="63.007"/>
  <testcase classname="testcases.Skill" name="SkillListing" time="74.394"/>
  <testcase classname="testcases.Stage" name="validationCheck" time="90.743"/>
  <testcase classname="testcases.Stage" name="addStage" time="94.32"/>
  <testcase classname="testcases.Stage" name="EditStage" time="67.186"/>
  <testcase classname="testcases.Stage" name="StageListing" time="76.225"/>
  <testcase classname="testcases.TaxAndDiscount" name="ValidationCheck" time="84.893"/>
  <testcase classname="testcases.TaxAndDiscount" name="AddTaxAndDiscount" time="52.493"/>
  <testcase classname="testcases.TaxAndDiscount" name="ActiveAndINactive" time="69.485">
    <failure type="java.lang.AssertionError" message="ok Button -  element not present">
      <![CDATA[java.lang.AssertionError: ok Button -  element not present
	at utils.WebBasePage.click(WebBasePage.java:106)
	at pageobjects.TaxAndDiscountPage.okConfirmButton(TaxAndDiscountPage.java:211)
	at Action.TaxAndDiscountAction.ActiveToInactiveTax(TaxAndDiscountAction.java:61)
	at testcases.TaxAndDiscount.ActiveAndINactive(TaxAndDiscount.java:54)
... Removed 25 stack frames]]>
    </failure>
  </testcase> <!-- ActiveAndINactive -->
  <testcase classname="testcases.Trip" name="validationCheck" time="35.086"/>
  <testcase classname="testcases.Trip" name="addTrip" time="46.845"/>
  <testcase classname="testcases.Trip" name="EditTrip" time="63.526"/>
  <testcase classname="testcases.Trip" name="TripListing" time="71.564"/>
  <testcase classname="testcases.UserTitle" name="addUserTitle" time="30.667"/>
  <testcase classname="testcases.UserTitle" name="EditUserTitle" time="60.848"/>
  <testcase classname="testcases.UserTitle" name="StageListing" time="73.702"/>
  <testcase classname="testcases.LoginAuthorization" name="addLoginAuthorization" time="38.832"/>
  <testcase classname="testcases.LoginAuthorization" name="EditLoginAuthorization" time="64.816"/>
  <testcase classname="testcases.LoginAuthorization" name="TripListing" time="72.77"/>
  <testcase classname="testcases.CompanyNotification" name="mainMultiCheckboxVerification" time="56.634"/>
  <testcase classname="testcases.CompanyNotification" name="moduleWiseCheckverification" time="317.661"/>
  <testcase classname="testcases.CurrencyManagement" name="BasecurrencyDuplicateValidation" time="33.836"/>
  <testcase classname="testcases.CurrencyManagement" name="SourcecurrencyDuplicateValidation" time="55.4"/>
  <testcase classname="testcases.CurrencyManagement" name="addNewCurrencyAndDelete" time="53.055"/>
  <testcase classname="testcases.CurrencyManagement" name="currencyValidationCheck" time="113.694"/>
  <testcase classname="testcases.Department" name="addDepartmentValidationCheck" time="82.444"/>
  <testcase classname="testcases.Department" name="addDepartment" time="60.018"/>
  <testcase classname="testcases.Department" name="editDepartment" time="51.755"/>
  <testcase classname="testcases.Department" name="departmentListing" time="71.456"/>
  <testcase classname="testcases.Designation" name="addDesignationValidationCheck" time="57.935"/>
  <testcase classname="testcases.Designation" name="addDesignation" time="46.147"/>
  <testcase classname="testcases.Designation" name="editDesignation" time="70.7"/>
  <testcase classname="testcases.Designation" name="designationListing" time="83.146"/>
  <testcase classname="testcases.Greeting" name="validationCheck" time="27.16"/>
  <testcase classname="testcases.Greeting" name="addGreeting" time="72.015"/>
  <testcase classname="testcases.IndustryType" name="addIndustryTypeValidation" time="35.486"/>
  <testcase classname="testcases.IndustryType" name="addIndustryType" time="53.486"/>
  <testcase classname="testcases.IndustryType" name="editIndustryType" time="76.359"/>
  <testcase classname="testcases.IndustryType" name="IndustryTypeListing" time="90.553"/>
  <testcase classname="testcases.Location" name="addParentLocation" time="37.61"/>
  <testcase classname="testcases.Location" name="addChildLocation" time="64.966"/>
  <testcase classname="testcases.Location" name="editLocation" time="77.146"/>
  <testcase classname="testcases.Location" name="LocationListing" time="52.22"/>
  <testcase classname="testcases.PaymentGateway" name="addPaymentGateway" time="64.57"/>
  <testcase classname="testcases.PaymentGateway" name="editPaymentGateway" time="62.871"/>
  <testcase classname="testcases.Phase" name="validationCheck" time="52.783"/>
  <testcase classname="testcases.Phase" name="addPhase" time="52.227"/>
  <testcase classname="testcases.Phase" name="editPhase" time="61.337"/>
  <testcase classname="testcases.Phase" name="phaseListing" time="89.113"/>
  <testcase classname="testcases.Priority" name="validationCheck" time="34.353"/>
  <testcase classname="testcases.Priority" name="addPriority" time="44.245"/>
  <testcase classname="testcases.Priority" name="editPriority" time="58.174"/>
  <testcase classname="testcases.Priority" name="priorityListing" time="74.108"/>
  <testcase classname="testcases.Question" name="addQuestion" time="35.452"/>
  <testcase classname="testcases.Question" name="editQuestion" time="66.194">
    <failure type="java.lang.AssertionError" message="Question Name -  element not clickable">
      <![CDATA[java.lang.AssertionError: Question Name -  element not clickable
	at utils.WebBasePage.click(WebBasePage.java:99)
	at pageobjects.QuestionPage.clickQuestionName(QuestionPage.java:175)
	at Action.QuestionAction.editCreatedQuestion(QuestionAction.java:56)
	at testcases.Question.editQuestion(Question.java:50)
... Removed 25 stack frames]]>
    </failure>
  </testcase> <!-- editQuestion -->
  <testcase classname="testcases.Question" name="priorityListing" time="82.056"/>
  <testcase classname="testcases.Service" name="validationCheck" time="36.448"/>
  <testcase classname="testcases.Service" name="addService" time="50.95"/>
  <testcase classname="testcases.Service" name="editService" time="63.152"/>
  <testcase classname="testcases.Service" name="ServiceListing" time="75.426"/>
</testsuite> <!-- TestName -->
