<html>
<head>
<title>TestNG:  TestName</title>
<link href="../testng.css" rel="stylesheet" type="text/css" />
<link href="../my-testng.css" rel="stylesheet" type="text/css" />

<style type="text/css">
.log { display: none;} 
.stack-trace { display: none;} 
</style>
<script type="text/javascript">
<!--
function flip(e) {
  current = e.style.display;
  if (current == 'block') {
    e.style.display = 'none';
    return 0;
  }
  else {
    e.style.display = 'block';
    return 1;
  }
}

function toggleBox(szDivId, elem, msg1, msg2)
{
  var res = -1;  if (document.getElementById) {
    res = flip(document.getElementById(szDivId));
  }
  else if (document.all) {
    // this is the way old msie versions work
    res = flip(document.all[szDivId]);
  }
  if(elem) {
    if(res == 0) elem.innerHTML = msg1; else elem.innerHTML = msg2;
  }

}

function toggleAllBoxes() {
  if (document.getElementsByTagName) {
    d = document.getElementsByTagName('div');
    for (i = 0; i < d.length; i++) {
      if (d[i].className == 'log') {
        flip(d[i]);
      }
    }
  }
}

// -->
</script>

</head>
<body>
<h2 align='center'>TestName</h2><table border='1' align="center">
<tr>
<td>Tests passed/Failed/Skipped:</td><td>83/4/0</td>
</tr><tr>
<td>Started on:</td><td>Tue Dec 07 11:46:54 IST 2021</td>
</tr>
<tr><td>Total time:</td><td>5795 seconds (5795858 ms)</td>
</tr><tr>
<td>Included groups:</td><td></td>
</tr><tr>
<td>Excluded groups:</td><td></td>
</tr>
</table><p/>
<small><i>(Hover the method name to see the test class name)</i></small><p/>
<table width='100%' border='1' class='invocation-failed'>
<tr><td colspan='4' align='center'><b>FAILED TESTS</b></td></tr>
<tr><td><b>Test method</b></td>
<td width="30%"><b>Exception</b></td>
<td width="10%"><b>Time (seconds)</b></td>
<td><b>Instance</b></td>
</tr>
<tr>
<td title='testcases.TaxAndDiscount.ActiveAndINactive()'><b>ActiveAndINactive</b><br>Test class: testcases.TaxAndDiscount</td>
<td><div><pre>java.lang.AssertionError: ok Button -  element not present
	at utils.WebBasePage.click(WebBasePage.java:106)
	at pageobjects.TaxAndDiscountPage.okConfirmButton(TaxAndDiscountPage.java:211)
	at Action.TaxAndDiscountAction.ActiveToInactiveTax(TaxAndDiscountAction.java:61)
	at testcases.TaxAndDiscount.ActiveAndINactive(TaxAndDiscount.java:54)
... Removed 25 stack frames</pre></div><a href='#' onClick='toggleBox("stack-trace1465756471", this, "Click to show all stack frames", "Click to hide stack frames")'>Click to show all stack frames</a>
<div class='stack-trace' id='stack-trace1465756471'><pre>java.lang.AssertionError: ok Button -  element not present
	at org.testng.Assert.fail(Assert.java:94)
	at utils.WebBasePage.click(WebBasePage.java:106)
	at pageobjects.TaxAndDiscountPage.okConfirmButton(TaxAndDiscountPage.java:211)
	at Action.TaxAndDiscountAction.ActiveToInactiveTax(TaxAndDiscountAction.java:61)
	at testcases.TaxAndDiscount.ActiveAndINactive(TaxAndDiscount.java:54)
	at java.base/jdk.internal.reflect.NativeMethodAccessorImpl.invoke0(Native Method)
	at java.base/jdk.internal.reflect.NativeMethodAccessorImpl.invoke(NativeMethodAccessorImpl.java:64)
	at java.base/jdk.internal.reflect.DelegatingMethodAccessorImpl.invoke(DelegatingMethodAccessorImpl.java:43)
	at java.base/java.lang.reflect.Method.invoke(Method.java:564)
	at org.testng.internal.MethodInvocationHelper.invokeMethod(MethodInvocationHelper.java:85)
	at org.testng.internal.Invoker.invokeMethod(Invoker.java:639)
	at org.testng.internal.Invoker.invokeTestMethod(Invoker.java:816)
	at org.testng.internal.Invoker.invokeTestMethods(Invoker.java:1124)
	at org.testng.internal.TestMethodWorker.invokeTestMethods(TestMethodWorker.java:125)
	at org.testng.internal.TestMethodWorker.run(TestMethodWorker.java:108)
	at org.testng.TestRunner.privateRun(TestRunner.java:774)
	at org.testng.TestRunner.run(TestRunner.java:624)
	at org.testng.SuiteRunner.runTest(SuiteRunner.java:359)
	at org.testng.SuiteRunner.runSequentially(SuiteRunner.java:354)
	at org.testng.SuiteRunner.privateRun(SuiteRunner.java:312)
	at org.testng.SuiteRunner.run(SuiteRunner.java:261)
	at org.testng.SuiteRunnerWorker.runSuite(SuiteRunnerWorker.java:52)
	at org.testng.SuiteRunnerWorker.run(SuiteRunnerWorker.java:86)
	at org.testng.TestNG.runSuitesSequentially(TestNG.java:1191)
	at org.testng.TestNG.runSuitesLocally(TestNG.java:1116)
	at org.testng.TestNG.run(TestNG.java:1024)
	at org.testng.remote.AbstractRemoteTestNG.run(AbstractRemoteTestNG.java:115)
	at org.testng.remote.RemoteTestNG.initAndRun(RemoteTestNG.java:251)
	at org.testng.remote.RemoteTestNG.main(RemoteTestNG.java:77)
</pre></div></td>
<td>69</td>
<td>testcases.TaxAndDiscount@6497b078</td></tr>
<tr>
<td title='testcases.Announcement.AddSearchDeleteAnnouncement()'><b>AddSearchDeleteAnnouncement</b><br>Test class: testcases.Announcement</td>
<td><div><pre>java.lang.AssertionError: clickCheckBox -  element not clickable
	at utils.WebBasePage.click(WebBasePage.java:99)
	at pageobjects.AnnouncementPage.SelectSingleCheckBox(AnnouncementPage.java:173)
	at Action.AnnouncementAction.AddAnnouncement(AnnouncementAction.java:47)
	at testcases.Announcement.AddSearchDeleteAnnouncement(Announcement.java:38)
... Removed 25 stack frames</pre></div><a href='#' onClick='toggleBox("stack-trace2089104518", this, "Click to show all stack frames", "Click to hide stack frames")'>Click to show all stack frames</a>
<div class='stack-trace' id='stack-trace2089104518'><pre>java.lang.AssertionError: clickCheckBox -  element not clickable
	at org.testng.Assert.fail(Assert.java:94)
	at utils.WebBasePage.click(WebBasePage.java:99)
	at pageobjects.AnnouncementPage.SelectSingleCheckBox(AnnouncementPage.java:173)
	at Action.AnnouncementAction.AddAnnouncement(AnnouncementAction.java:47)
	at testcases.Announcement.AddSearchDeleteAnnouncement(Announcement.java:38)
	at java.base/jdk.internal.reflect.NativeMethodAccessorImpl.invoke0(Native Method)
	at java.base/jdk.internal.reflect.NativeMethodAccessorImpl.invoke(NativeMethodAccessorImpl.java:64)
	at java.base/jdk.internal.reflect.DelegatingMethodAccessorImpl.invoke(DelegatingMethodAccessorImpl.java:43)
	at java.base/java.lang.reflect.Method.invoke(Method.java:564)
	at org.testng.internal.MethodInvocationHelper.invokeMethod(MethodInvocationHelper.java:85)
	at org.testng.internal.Invoker.invokeMethod(Invoker.java:639)
	at org.testng.internal.Invoker.invokeTestMethod(Invoker.java:816)
	at org.testng.internal.Invoker.invokeTestMethods(Invoker.java:1124)
	at org.testng.internal.TestMethodWorker.invokeTestMethods(TestMethodWorker.java:125)
	at org.testng.internal.TestMethodWorker.run(TestMethodWorker.java:108)
	at org.testng.TestRunner.privateRun(TestRunner.java:774)
	at org.testng.TestRunner.run(TestRunner.java:624)
	at org.testng.SuiteRunner.runTest(SuiteRunner.java:359)
	at org.testng.SuiteRunner.runSequentially(SuiteRunner.java:354)
	at org.testng.SuiteRunner.privateRun(SuiteRunner.java:312)
	at org.testng.SuiteRunner.run(SuiteRunner.java:261)
	at org.testng.SuiteRunnerWorker.runSuite(SuiteRunnerWorker.java:52)
	at org.testng.SuiteRunnerWorker.run(SuiteRunnerWorker.java:86)
	at org.testng.TestNG.runSuitesSequentially(TestNG.java:1191)
	at org.testng.TestNG.runSuitesLocally(TestNG.java:1116)
	at org.testng.TestNG.run(TestNG.java:1024)
	at org.testng.remote.AbstractRemoteTestNG.run(AbstractRemoteTestNG.java:115)
	at org.testng.remote.RemoteTestNG.initAndRun(RemoteTestNG.java:251)
	at org.testng.remote.RemoteTestNG.main(RemoteTestNG.java:77)
</pre></div></td>
<td>59</td>
<td>testcases.Announcement@3cc1435c</td></tr>
<tr>
<td title='testcases.CannedReply.SearchActiveInactiveDeleteCannedReply()'><b>SearchActiveInactiveDeleteCannedReply</b><br>Test class: testcases.CannedReply</td>
<td><div><pre>java.lang.AssertionError: Confirmation popup -  element not present
	at utils.WebBasePage.click(WebBasePage.java:106)
	at pageobjects.CannedReplyPage.ActiveToInActive(CannedReplyPage.java:179)
	at Action.CannedReplyAction.ActiveInactive(CannedReplyAction.java:60)
	at testcases.CannedReply.SearchActiveInactiveDeleteCannedReply(CannedReply.java:46)
... Removed 25 stack frames</pre></div><a href='#' onClick='toggleBox("stack-trace2068103096", this, "Click to show all stack frames", "Click to hide stack frames")'>Click to show all stack frames</a>
<div class='stack-trace' id='stack-trace2068103096'><pre>java.lang.AssertionError: Confirmation popup -  element not present
	at org.testng.Assert.fail(Assert.java:94)
	at utils.WebBasePage.click(WebBasePage.java:106)
	at pageobjects.CannedReplyPage.ActiveToInActive(CannedReplyPage.java:179)
	at Action.CannedReplyAction.ActiveInactive(CannedReplyAction.java:60)
	at testcases.CannedReply.SearchActiveInactiveDeleteCannedReply(CannedReply.java:46)
	at java.base/jdk.internal.reflect.NativeMethodAccessorImpl.invoke0(Native Method)
	at java.base/jdk.internal.reflect.NativeMethodAccessorImpl.invoke(NativeMethodAccessorImpl.java:64)
	at java.base/jdk.internal.reflect.DelegatingMethodAccessorImpl.invoke(DelegatingMethodAccessorImpl.java:43)
	at java.base/java.lang.reflect.Method.invoke(Method.java:564)
	at org.testng.internal.MethodInvocationHelper.invokeMethod(MethodInvocationHelper.java:85)
	at org.testng.internal.Invoker.invokeMethod(Invoker.java:639)
	at org.testng.internal.Invoker.invokeTestMethod(Invoker.java:816)
	at org.testng.internal.Invoker.invokeTestMethods(Invoker.java:1124)
	at org.testng.internal.TestMethodWorker.invokeTestMethods(TestMethodWorker.java:125)
	at org.testng.internal.TestMethodWorker.run(TestMethodWorker.java:108)
	at org.testng.TestRunner.privateRun(TestRunner.java:774)
	at org.testng.TestRunner.run(TestRunner.java:624)
	at org.testng.SuiteRunner.runTest(SuiteRunner.java:359)
	at org.testng.SuiteRunner.runSequentially(SuiteRunner.java:354)
	at org.testng.SuiteRunner.privateRun(SuiteRunner.java:312)
	at org.testng.SuiteRunner.run(SuiteRunner.java:261)
	at org.testng.SuiteRunnerWorker.runSuite(SuiteRunnerWorker.java:52)
	at org.testng.SuiteRunnerWorker.run(SuiteRunnerWorker.java:86)
	at org.testng.TestNG.runSuitesSequentially(TestNG.java:1191)
	at org.testng.TestNG.runSuitesLocally(TestNG.java:1116)
	at org.testng.TestNG.run(TestNG.java:1024)
	at org.testng.remote.AbstractRemoteTestNG.run(AbstractRemoteTestNG.java:115)
	at org.testng.remote.RemoteTestNG.initAndRun(RemoteTestNG.java:251)
	at org.testng.remote.RemoteTestNG.main(RemoteTestNG.java:77)
</pre></div></td>
<td>64</td>
<td>testcases.CannedReply@dd0c991</td></tr>
<tr>
<td title='testcases.Question.editQuestion()'><b>editQuestion</b><br>Test class: testcases.Question</td>
<td><div><pre>java.lang.AssertionError: Question Name -  element not clickable
	at utils.WebBasePage.click(WebBasePage.java:99)
	at pageobjects.QuestionPage.clickQuestionName(QuestionPage.java:175)
	at Action.QuestionAction.editCreatedQuestion(QuestionAction.java:56)
	at testcases.Question.editQuestion(Question.java:50)
... Removed 25 stack frames</pre></div><a href='#' onClick='toggleBox("stack-trace226446157", this, "Click to show all stack frames", "Click to hide stack frames")'>Click to show all stack frames</a>
<div class='stack-trace' id='stack-trace226446157'><pre>java.lang.AssertionError: Question Name -  element not clickable
	at org.testng.Assert.fail(Assert.java:94)
	at utils.WebBasePage.click(WebBasePage.java:99)
	at pageobjects.QuestionPage.clickQuestionName(QuestionPage.java:175)
	at Action.QuestionAction.editCreatedQuestion(QuestionAction.java:56)
	at testcases.Question.editQuestion(Question.java:50)
	at java.base/jdk.internal.reflect.NativeMethodAccessorImpl.invoke0(Native Method)
	at java.base/jdk.internal.reflect.NativeMethodAccessorImpl.invoke(NativeMethodAccessorImpl.java:64)
	at java.base/jdk.internal.reflect.DelegatingMethodAccessorImpl.invoke(DelegatingMethodAccessorImpl.java:43)
	at java.base/java.lang.reflect.Method.invoke(Method.java:564)
	at org.testng.internal.MethodInvocationHelper.invokeMethod(MethodInvocationHelper.java:85)
	at org.testng.internal.Invoker.invokeMethod(Invoker.java:639)
	at org.testng.internal.Invoker.invokeTestMethod(Invoker.java:816)
	at org.testng.internal.Invoker.invokeTestMethods(Invoker.java:1124)
	at org.testng.internal.TestMethodWorker.invokeTestMethods(TestMethodWorker.java:125)
	at org.testng.internal.TestMethodWorker.run(TestMethodWorker.java:108)
	at org.testng.TestRunner.privateRun(TestRunner.java:774)
	at org.testng.TestRunner.run(TestRunner.java:624)
	at org.testng.SuiteRunner.runTest(SuiteRunner.java:359)
	at org.testng.SuiteRunner.runSequentially(SuiteRunner.java:354)
	at org.testng.SuiteRunner.privateRun(SuiteRunner.java:312)
	at org.testng.SuiteRunner.run(SuiteRunner.java:261)
	at org.testng.SuiteRunnerWorker.runSuite(SuiteRunnerWorker.java:52)
	at org.testng.SuiteRunnerWorker.run(SuiteRunnerWorker.java:86)
	at org.testng.TestNG.runSuitesSequentially(TestNG.java:1191)
	at org.testng.TestNG.runSuitesLocally(TestNG.java:1116)
	at org.testng.TestNG.run(TestNG.java:1024)
	at org.testng.remote.AbstractRemoteTestNG.run(AbstractRemoteTestNG.java:115)
	at org.testng.remote.RemoteTestNG.initAndRun(RemoteTestNG.java:251)
	at org.testng.remote.RemoteTestNG.main(RemoteTestNG.java:77)
</pre></div></td>
<td>66</td>
<td>testcases.Question@7e9131d5</td></tr>
</table><p>
<table width='100%' border='1' class='invocation-passed'>
<tr><td colspan='4' align='center'><b>PASSED TESTS</b></td></tr>
<tr><td><b>Test method</b></td>
<td width="30%"><b>Exception</b></td>
<td width="10%"><b>Time (seconds)</b></td>
<td><b>Instance</b></td>
</tr>
<tr>
<td title='testcases.Break.AddBreak()'><b>AddBreak</b><br>Test class: testcases.Break</td>
<td></td>
<td>57</td>
<td>testcases.Break@6bf0219d</td></tr>
<tr>
<td title='testcases.Break.AddBreakValidationCheck()'><b>AddBreakValidationCheck</b><br>Test class: testcases.Break</td>
<td></td>
<td>51</td>
<td>testcases.Break@6bf0219d</td></tr>
<tr>
<td title='testcases.CannedReply.AddCannedReply()'><b>AddCannedReply</b><br>Test class: testcases.CannedReply</td>
<td></td>
<td>61</td>
<td>testcases.CannedReply@dd0c991</td></tr>
<tr>
<td title='testcases.TaxAndDiscount.AddTaxAndDiscount()'><b>AddTaxAndDiscount</b><br>Test class: testcases.TaxAndDiscount</td>
<td></td>
<td>52</td>
<td>testcases.TaxAndDiscount@6497b078</td></tr>
<tr>
<td title='testcases.CurrencyManagement.BasecurrencyDuplicateValidation()'><b>BasecurrencyDuplicateValidation</b><br>Test class: testcases.CurrencyManagement</td>
<td></td>
<td>33</td>
<td>testcases.CurrencyManagement@4f67eb2a</td></tr>
<tr>
<td title='testcases.Category.CategoryListing()'><b>CategoryListing</b><br>Test class: testcases.Category</td>
<td></td>
<td>73</td>
<td>testcases.Category@5552768b</td></tr>
<tr>
<td title='testcases.Break.EditBreak()'><b>EditBreak</b><br>Test class: testcases.Break</td>
<td></td>
<td>56</td>
<td>testcases.Break@6bf0219d</td></tr>
<tr>
<td title='testcases.LoginAuthorization.EditLoginAuthorization()'><b>EditLoginAuthorization</b><br>Test class: testcases.LoginAuthorization</td>
<td></td>
<td>64</td>
<td>testcases.LoginAuthorization@46fa7c39</td></tr>
<tr>
<td title='testcases.Skill.EditSkill()'><b>EditSkill</b><br>Test class: testcases.Skill</td>
<td></td>
<td>63</td>
<td>testcases.Skill@c03cf28</td></tr>
<tr>
<td title='testcases.Stage.EditStage()'><b>EditStage</b><br>Test class: testcases.Stage</td>
<td></td>
<td>67</td>
<td>testcases.Stage@1329eff</td></tr>
<tr>
<td title='testcases.Trip.EditTrip()'><b>EditTrip</b><br>Test class: testcases.Trip</td>
<td></td>
<td>63</td>
<td>testcases.Trip@41c2284a</td></tr>
<tr>
<td title='testcases.UserTitle.EditUserTitle()'><b>EditUserTitle</b><br>Test class: testcases.UserTitle</td>
<td></td>
<td>60</td>
<td>testcases.UserTitle@53aad5d5</td></tr>
<tr>
<td title='testcases.IndustryType.IndustryTypeListing()'><b>IndustryTypeListing</b><br>Test class: testcases.IndustryType</td>
<td></td>
<td>90</td>
<td>testcases.IndustryType@76f2bbc1</td></tr>
<tr>
<td title='testcases.Location.LocationListing()'><b>LocationListing</b><br>Test class: testcases.Location</td>
<td></td>
<td>52</td>
<td>testcases.Location@68e965f5</td></tr>
<tr>
<td title='testcases.Shift.ServiceListing()'><b>ServiceListing</b><br>Test class: testcases.Shift</td>
<td></td>
<td>72</td>
<td>testcases.Shift@1356d4d4</td></tr>
<tr>
<td title='testcases.Service.ServiceListing()'><b>ServiceListing</b><br>Test class: testcases.Service</td>
<td></td>
<td>75</td>
<td>testcases.Service@2e1d27ba</td></tr>
<tr>
<td title='testcases.Skill.SkillListing()'><b>SkillListing</b><br>Test class: testcases.Skill</td>
<td></td>
<td>74</td>
<td>testcases.Skill@c03cf28</td></tr>
<tr>
<td title='testcases.CurrencyManagement.SourcecurrencyDuplicateValidation()'><b>SourcecurrencyDuplicateValidation</b><br>Test class: testcases.CurrencyManagement</td>
<td></td>
<td>55</td>
<td>testcases.CurrencyManagement@4f67eb2a</td></tr>
<tr>
<td title='testcases.Stage.StageListing()'><b>StageListing</b><br>Test class: testcases.Stage</td>
<td></td>
<td>76</td>
<td>testcases.Stage@1329eff</td></tr>
<tr>
<td title='testcases.UserTitle.StageListing()'><b>StageListing</b><br>Test class: testcases.UserTitle</td>
<td></td>
<td>73</td>
<td>testcases.UserTitle@53aad5d5</td></tr>
<tr>
<td title='testcases.Trip.TripListing()'><b>TripListing</b><br>Test class: testcases.Trip</td>
<td></td>
<td>71</td>
<td>testcases.Trip@41c2284a</td></tr>
<tr>
<td title='testcases.LoginAuthorization.TripListing()'><b>TripListing</b><br>Test class: testcases.LoginAuthorization</td>
<td></td>
<td>72</td>
<td>testcases.LoginAuthorization@46fa7c39</td></tr>
<tr>
<td title='testcases.Announcement.ValidationCheck()'><b>ValidationCheck</b><br>Test class: testcases.Announcement</td>
<td></td>
<td>47</td>
<td>testcases.Announcement@3cc1435c</td></tr>
<tr>
<td title='testcases.CannedReply.ValidationCheck()'><b>ValidationCheck</b><br>Test class: testcases.CannedReply</td>
<td></td>
<td>38</td>
<td>testcases.CannedReply@dd0c991</td></tr>
<tr>
<td title='testcases.TaxAndDiscount.ValidationCheck()'><b>ValidationCheck</b><br>Test class: testcases.TaxAndDiscount</td>
<td></td>
<td>84</td>
<td>testcases.TaxAndDiscount@6497b078</td></tr>
<tr>
<td title='testcases.Emailtemplate.addAdvancedEmailTemplate()'><b>addAdvancedEmailTemplate</b><br>Test class: testcases.Emailtemplate</td>
<td></td>
<td>48</td>
<td>testcases.Emailtemplate@55f616cf</td></tr>
<tr>
<td title='testcases.Category.addCategory()'><b>addCategory</b><br>Test class: testcases.Category</td>
<td></td>
<td>30</td>
<td>testcases.Category@5552768b</td></tr>
<tr>
<td title='testcases.Category.addCategoryValidationCheck()'><b>addCategoryValidationCheck</b><br>Test class: testcases.Category</td>
<td></td>
<td>46</td>
<td>testcases.Category@5552768b</td></tr>
<tr>
<td title='testcases.Channel.addChannel()'><b>addChannel</b><br>Test class: testcases.Channel</td>
<td></td>
<td>44</td>
<td>testcases.Channel@3c947bc5</td></tr>
<tr>
<td title='testcases.Location.addChildLocation()'><b>addChildLocation</b><br>Test class: testcases.Location</td>
<td></td>
<td>64</td>
<td>testcases.Location@68e965f5</td></tr>
<tr>
<td title='testcases.Department.addDepartment()'><b>addDepartment</b><br>Test class: testcases.Department</td>
<td></td>
<td>60</td>
<td>testcases.Department@4a668b6e</td></tr>
<tr>
<td title='testcases.Department.addDepartmentValidationCheck()'><b>addDepartmentValidationCheck</b><br>Test class: testcases.Department</td>
<td></td>
<td>82</td>
<td>testcases.Department@4a668b6e</td></tr>
<tr>
<td title='testcases.Designation.addDesignation()'><b>addDesignation</b><br>Test class: testcases.Designation</td>
<td></td>
<td>46</td>
<td>testcases.Designation@5f683daf</td></tr>
<tr>
<td title='testcases.Designation.addDesignationValidationCheck()'><b>addDesignationValidationCheck</b><br>Test class: testcases.Designation</td>
<td></td>
<td>57</td>
<td>testcases.Designation@5f683daf</td></tr>
<tr>
<td title='testcases.Emailtemplate.addEmailTemplate()'><b>addEmailTemplate</b><br>Test class: testcases.Emailtemplate</td>
<td></td>
<td>49</td>
<td>testcases.Emailtemplate@55f616cf</td></tr>
<tr>
<td title='testcases.Greeting.addGreeting()'><b>addGreeting</b><br>Test class: testcases.Greeting</td>
<td></td>
<td>72</td>
<td>testcases.Greeting@8317c52</td></tr>
<tr>
<td title='testcases.IndustryType.addIndustryType()'><b>addIndustryType</b><br>Test class: testcases.IndustryType</td>
<td></td>
<td>53</td>
<td>testcases.IndustryType@76f2bbc1</td></tr>
<tr>
<td title='testcases.IndustryType.addIndustryTypeValidation()'><b>addIndustryTypeValidation</b><br>Test class: testcases.IndustryType</td>
<td></td>
<td>35</td>
<td>testcases.IndustryType@76f2bbc1</td></tr>
<tr>
<td title='testcases.LoginAuthorization.addLoginAuthorization()'><b>addLoginAuthorization</b><br>Test class: testcases.LoginAuthorization</td>
<td></td>
<td>38</td>
<td>testcases.LoginAuthorization@46fa7c39</td></tr>
<tr>
<td title='testcases.CurrencyManagement.addNewCurrencyAndDelete()'><b>addNewCurrencyAndDelete</b><br>Test class: testcases.CurrencyManagement</td>
<td></td>
<td>53</td>
<td>testcases.CurrencyManagement@4f67eb2a</td></tr>
<tr>
<td title='testcases.Location.addParentLocation()'><b>addParentLocation</b><br>Test class: testcases.Location</td>
<td></td>
<td>37</td>
<td>testcases.Location@68e965f5</td></tr>
<tr>
<td title='testcases.PaymentGateway.addPaymentGateway()'><b>addPaymentGateway</b><br>Test class: testcases.PaymentGateway</td>
<td></td>
<td>64</td>
<td>testcases.PaymentGateway@6c779568</td></tr>
<tr>
<td title='testcases.Phase.addPhase()'><b>addPhase</b><br>Test class: testcases.Phase</td>
<td></td>
<td>52</td>
<td>testcases.Phase@f381794</td></tr>
<tr>
<td title='testcases.Priority.addPriority()'><b>addPriority</b><br>Test class: testcases.Priority</td>
<td></td>
<td>44</td>
<td>testcases.Priority@2cdd0d4b</td></tr>
<tr>
<td title='testcases.Question.addQuestion()'><b>addQuestion</b><br>Test class: testcases.Question</td>
<td></td>
<td>35</td>
<td>testcases.Question@7e9131d5</td></tr>
<tr>
<td title='testcases.Service.addService()'><b>addService</b><br>Test class: testcases.Service</td>
<td></td>
<td>50</td>
<td>testcases.Service@2e1d27ba</td></tr>
<tr>
<td title='testcases.Shift.addShiftFexible()'><b>addShiftFexible</b><br>Test class: testcases.Shift</td>
<td></td>
<td>77</td>
<td>testcases.Shift@1356d4d4</td></tr>
<tr>
<td title='testcases.Skill.addSkill()'><b>addSkill</b><br>Test class: testcases.Skill</td>
<td></td>
<td>70</td>
<td>testcases.Skill@c03cf28</td></tr>
<tr>
<td title='testcases.Stage.addStage()'><b>addStage</b><br>Test class: testcases.Stage</td>
<td></td>
<td>94</td>
<td>testcases.Stage@1329eff</td></tr>
<tr>
<td title='testcases.Trip.addTrip()'><b>addTrip</b><br>Test class: testcases.Trip</td>
<td></td>
<td>46</td>
<td>testcases.Trip@41c2284a</td></tr>
<tr>
<td title='testcases.UserTitle.addUserTitle()'><b>addUserTitle</b><br>Test class: testcases.UserTitle</td>
<td></td>
<td>30</td>
<td>testcases.UserTitle@53aad5d5</td></tr>
<tr>
<td title='testcases.Channel.channellisting()'><b>channellisting</b><br>Test class: testcases.Channel</td>
<td></td>
<td>76</td>
<td>testcases.Channel@3c947bc5</td></tr>
<tr>
<td title='testcases.CurrencyManagement.currencyValidationCheck()'><b>currencyValidationCheck</b><br>Test class: testcases.CurrencyManagement</td>
<td></td>
<td>113</td>
<td>testcases.CurrencyManagement@4f67eb2a</td></tr>
<tr>
<td title='testcases.Department.departmentListing()'><b>departmentListing</b><br>Test class: testcases.Department</td>
<td></td>
<td>71</td>
<td>testcases.Department@4a668b6e</td></tr>
<tr>
<td title='testcases.Designation.designationListing()'><b>designationListing</b><br>Test class: testcases.Designation</td>
<td></td>
<td>83</td>
<td>testcases.Designation@5f683daf</td></tr>
<tr>
<td title='testcases.Category.editCategory()'><b>editCategory</b><br>Test class: testcases.Category</td>
<td></td>
<td>57</td>
<td>testcases.Category@5552768b</td></tr>
<tr>
<td title='testcases.Channel.editChannel()'><b>editChannel</b><br>Test class: testcases.Channel</td>
<td></td>
<td>59</td>
<td>testcases.Channel@3c947bc5</td></tr>
<tr>
<td title='testcases.Department.editDepartment()'><b>editDepartment</b><br>Test class: testcases.Department</td>
<td></td>
<td>51</td>
<td>testcases.Department@4a668b6e</td></tr>
<tr>
<td title='testcases.Designation.editDesignation()'><b>editDesignation</b><br>Test class: testcases.Designation</td>
<td></td>
<td>70</td>
<td>testcases.Designation@5f683daf</td></tr>
<tr>
<td title='testcases.Emailtemplate.editEmailTemplate()'><b>editEmailTemplate</b><br>Test class: testcases.Emailtemplate</td>
<td></td>
<td>60</td>
<td>testcases.Emailtemplate@55f616cf</td></tr>
<tr>
<td title='testcases.IndustryType.editIndustryType()'><b>editIndustryType</b><br>Test class: testcases.IndustryType</td>
<td></td>
<td>76</td>
<td>testcases.IndustryType@76f2bbc1</td></tr>
<tr>
<td title='testcases.Location.editLocation()'><b>editLocation</b><br>Test class: testcases.Location</td>
<td></td>
<td>77</td>
<td>testcases.Location@68e965f5</td></tr>
<tr>
<td title='testcases.PaymentGateway.editPaymentGateway()'><b>editPaymentGateway</b><br>Test class: testcases.PaymentGateway</td>
<td></td>
<td>62</td>
<td>testcases.PaymentGateway@6c779568</td></tr>
<tr>
<td title='testcases.Phase.editPhase()'><b>editPhase</b><br>Test class: testcases.Phase</td>
<td></td>
<td>61</td>
<td>testcases.Phase@f381794</td></tr>
<tr>
<td title='testcases.Priority.editPriority()'><b>editPriority</b><br>Test class: testcases.Priority</td>
<td></td>
<td>58</td>
<td>testcases.Priority@2cdd0d4b</td></tr>
<tr>
<td title='testcases.Service.editService()'><b>editService</b><br>Test class: testcases.Service</td>
<td></td>
<td>63</td>
<td>testcases.Service@2e1d27ba</td></tr>
<tr>
<td title='testcases.Shift.editShiftFexible()'><b>editShiftFexible</b><br>Test class: testcases.Shift</td>
<td></td>
<td>62</td>
<td>testcases.Shift@1356d4d4</td></tr>
<tr>
<td title='testcases.Emailtemplate.emailTemplateListing()'><b>emailTemplateListing</b><br>Test class: testcases.Emailtemplate</td>
<td></td>
<td>83</td>
<td>testcases.Emailtemplate@55f616cf</td></tr>
<tr>
<td title='testcases.CompanyNotification.mainMultiCheckboxVerification()'><b>mainMultiCheckboxVerification</b><br>Test class: testcases.CompanyNotification</td>
<td></td>
<td>56</td>
<td>testcases.CompanyNotification@1fb700ee</td></tr>
<tr>
<td title='testcases.CompanyNotification.moduleWiseCheckverification()'><b>moduleWiseCheckverification</b><br>Test class: testcases.CompanyNotification</td>
<td></td>
<td>317</td>
<td>testcases.CompanyNotification@1fb700ee</td></tr>
<tr>
<td title='testcases.Phase.phaseListing()'><b>phaseListing</b><br>Test class: testcases.Phase</td>
<td></td>
<td>89</td>
<td>testcases.Phase@f381794</td></tr>
<tr>
<td title='testcases.Priority.priorityListing()'><b>priorityListing</b><br>Test class: testcases.Priority</td>
<td></td>
<td>74</td>
<td>testcases.Priority@2cdd0d4b</td></tr>
<tr>
<td title='testcases.Question.priorityListing()'><b>priorityListing</b><br>Test class: testcases.Question</td>
<td></td>
<td>82</td>
<td>testcases.Question@7e9131d5</td></tr>
<tr>
<td title='testcases.Channel.validationCheck()'><b>validationCheck</b><br>Test class: testcases.Channel</td>
<td></td>
<td>33</td>
<td>testcases.Channel@3c947bc5</td></tr>
<tr>
<td title='testcases.Emailtemplate.validationCheck()'><b>validationCheck</b><br>Test class: testcases.Emailtemplate</td>
<td></td>
<td>91</td>
<td>testcases.Emailtemplate@55f616cf</td></tr>
<tr>
<td title='testcases.Shift.validationCheck()'><b>validationCheck</b><br>Test class: testcases.Shift</td>
<td></td>
<td>36</td>
<td>testcases.Shift@1356d4d4</td></tr>
<tr>
<td title='testcases.Skill.validationCheck()'><b>validationCheck</b><br>Test class: testcases.Skill</td>
<td></td>
<td>41</td>
<td>testcases.Skill@c03cf28</td></tr>
<tr>
<td title='testcases.Stage.validationCheck()'><b>validationCheck</b><br>Test class: testcases.Stage</td>
<td></td>
<td>90</td>
<td>testcases.Stage@1329eff</td></tr>
<tr>
<td title='testcases.Trip.validationCheck()'><b>validationCheck</b><br>Test class: testcases.Trip</td>
<td></td>
<td>35</td>
<td>testcases.Trip@41c2284a</td></tr>
<tr>
<td title='testcases.Greeting.validationCheck()'><b>validationCheck</b><br>Test class: testcases.Greeting</td>
<td></td>
<td>27</td>
<td>testcases.Greeting@8317c52</td></tr>
<tr>
<td title='testcases.Phase.validationCheck()'><b>validationCheck</b><br>Test class: testcases.Phase</td>
<td></td>
<td>52</td>
<td>testcases.Phase@f381794</td></tr>
<tr>
<td title='testcases.Priority.validationCheck()'><b>validationCheck</b><br>Test class: testcases.Priority</td>
<td></td>
<td>34</td>
<td>testcases.Priority@2cdd0d4b</td></tr>
<tr>
<td title='testcases.Service.validationCheck()'><b>validationCheck</b><br>Test class: testcases.Service</td>
<td></td>
<td>36</td>
<td>testcases.Service@2e1d27ba</td></tr>
</table><p>
</body>
</html>