<?xml version="1.0" encoding="UTF-8"?>
<!-- Generated by org.testng.reporters.JUnitReportReporter -->
<testsuite hostname="cog-sys-065" failures="1" tests="3" name="testcases.TaxAndDiscount" time="207.113" errors="0" timestamp="7 Dec 2021 07:53:31 GMT">
  <testcase classname="testcases.TaxAndDiscount" name="ValidationCheck" time="84.893"/>
  <testcase classname="testcases.TaxAndDiscount" name="AddTaxAndDiscount" time="52.734"/>
  <testcase classname="testcases.TaxAndDiscount" name="ActiveAndINactive" time="69.486">
    <failure message="ok Button -  element not present" type="java.lang.AssertionError">
      <![CDATA[java.lang.AssertionError: ok Button -  element not present
	at org.testng.Assert.fail(Assert.java:94)
	at utils.WebBasePage.click(WebBasePage.java:106)
	at pageobjects.TaxAndDiscountPage.okConfirmButton(TaxAndDiscountPage.java:211)
	at Action.TaxAndDiscountAction.ActiveToInactiveTax(TaxAndDiscountAction.java:61)
	at testcases.TaxAndDiscount.ActiveAndINactive(TaxAndDiscount.java:54)
	at java.base/jdk.internal.reflect.NativeMethodAccessorImpl.invoke0(Native Method)
	at java.base/jdk.internal.reflect.NativeMethodAccessorImpl.invoke(NativeMethodAccessorImpl.java:64)
	at java.base/jdk.internal.reflect.DelegatingMethodAccessorImpl.invoke(DelegatingMethodAccessorImpl.java:43)
	at java.base/java.lang.reflect.Method.invoke(Method.java:564)
	at org.testng.internal.MethodInvocationHelper.invokeMethod(MethodInvocationHelper.java:85)
	at org.testng.internal.Invoker.invokeMethod(Invoker.java:639)
	at org.testng.internal.Invoker.invokeTestMethod(Invoker.java:816)
	at org.testng.internal.Invoker.invokeTestMethods(Invoker.java:1124)
	at org.testng.internal.TestMethodWorker.invokeTestMethods(TestMethodWorker.java:125)
	at org.testng.internal.TestMethodWorker.run(TestMethodWorker.java:108)
	at org.testng.TestRunner.privateRun(TestRunner.java:774)
	at org.testng.TestRunner.run(TestRunner.java:624)
	at org.testng.SuiteRunner.runTest(SuiteRunner.java:359)
	at org.testng.SuiteRunner.runSequentially(SuiteRunner.java:354)
	at org.testng.SuiteRunner.privateRun(SuiteRunner.java:312)
	at org.testng.SuiteRunner.run(SuiteRunner.java:261)
	at org.testng.SuiteRunnerWorker.runSuite(SuiteRunnerWorker.java:52)
	at org.testng.SuiteRunnerWorker.run(SuiteRunnerWorker.java:86)
	at org.testng.TestNG.runSuitesSequentially(TestNG.java:1191)
	at org.testng.TestNG.runSuitesLocally(TestNG.java:1116)
	at org.testng.TestNG.run(TestNG.java:1024)
	at org.testng.remote.AbstractRemoteTestNG.run(AbstractRemoteTestNG.java:115)
	at org.testng.remote.RemoteTestNG.initAndRun(RemoteTestNG.java:251)
	at org.testng.remote.RemoteTestNG.main(RemoteTestNG.java:77)
]]>
    </failure>
  </testcase> <!-- ActiveAndINactive -->
</testsuite> <!-- testcases.TaxAndDiscount -->
